<?xml version="1.0" encoding="UTF-8"?>
<!-- Generated by org.testng.reporters.JUnitXMLReporter -->
<testsuite ignored="0" hostname="Senthil" failures="0" tests="4" name="Default test" time="68.271" errors="0" timestamp="05 Aug 2019 06:37:05 GMT">
  <testcase classname="com.pomacademy.qa.testcases.MyAccountPageTest" name="AcademyLogoTest" time="0.831"/>
  <testcase classname="com.pomacademy.qa.testcases.MyAccountPageTest" name="AccessSignUpPageTest" time="1.827"/>
  <testcase classname="com.pomacademy.qa.testcases.MyAccountPageTest" name="EnterEmailPwdTest" time="1.447"/>
  <testcase classname="com.pomacademy.qa.testcases.MyAccountPageTest" name="MyAccountPageTitleTest" time="0.03"/>
</testsuite> <!-- Default test -->
