<?xml version="1.0" encoding="UTF-8"?>
<!-- Generated by org.testng.reporters.JUnitXMLReporter -->
<testsuite ignored="0" hostname="Senthil" failures="0" tests="2" name="Command line test" time="66.3" errors="0" timestamp="07 Aug 2019 08:30:56 GMT">
  <testcase classname="com.pomacademy.qa.testcases.HomePageTest" name="HomePageTitleTest" time="12.886"/>
  <testcase classname="com.pomacademy.qa.testcases.MyAccountPageTest" name="MyAccountPageTitleTest" time="1.243"/>
</testsuite> <!-- Command line test -->
