<?xml version="1.0" encoding="UTF-8"?>
<testng-results ignored="0" total="2" passed="2" failed="0" skipped="0">
  <reporter-output>
  </reporter-output>
  <suite started-at="2019-08-07T08:29:49Z" name="Command line suite" finished-at="2019-08-07T08:30:55Z" duration-ms="66300">
    <groups>
    </groups>
    <test started-at="2019-08-07T08:29:49Z" name="Command line test" finished-at="2019-08-07T08:30:55Z" duration-ms="66300">
      <class name="com.pomacademy.qa.testcases.HomePageTest">
        <test-method is-config="true" signature="setUp()[pri:0, instance:com.pomacademy.qa.testcases.HomePageTest@eafc191]" started-at="2019-08-07T08:29:49Z" name="setUp" finished-at="2019-08-07T08:30:15Z" duration-ms="26075" status="PASS">
          <reporter-output>
          </reporter-output>
        </test-method> <!-- setUp -->
        <test-method signature="HomePageTitleTest()[pri:1, instance:com.pomacademy.qa.testcases.HomePageTest@eafc191]" started-at="2019-08-07T08:30:15Z" name="HomePageTitleTest" finished-at="2019-08-07T08:30:28Z" duration-ms="12886" status="PASS">
          <reporter-output>
          </reporter-output>
        </test-method> <!-- HomePageTitleTest -->
        <test-method is-config="true" signature="tearDown()[pri:0, instance:com.pomacademy.qa.testcases.HomePageTest@eafc191]" started-at="2019-08-07T08:30:28Z" name="tearDown" finished-at="2019-08-07T08:30:29Z" duration-ms="794" status="PASS">
          <reporter-output>
          </reporter-output>
        </test-method> <!-- tearDown -->
      </class> <!-- com.pomacademy.qa.testcases.HomePageTest -->
      <class name="com.pomacademy.qa.testcases.MyAccountPageTest">
        <test-method is-config="true" signature="setUp()[pri:0, instance:com.pomacademy.qa.testcases.MyAccountPageTest@612fc6eb]" started-at="2019-08-07T08:30:29Z" name="setUp" finished-at="2019-08-07T08:30:53Z" duration-ms="24232" status="PASS">
          <reporter-output>
          </reporter-output>
        </test-method> <!-- setUp -->
        <test-method signature="MyAccountPageTitleTest()[pri:1, instance:com.pomacademy.qa.testcases.MyAccountPageTest@612fc6eb]" started-at="2019-08-07T08:30:53Z" name="MyAccountPageTitleTest" finished-at="2019-08-07T08:30:54Z" duration-ms="1243" status="PASS">
          <reporter-output>
          </reporter-output>
        </test-method> <!-- MyAccountPageTitleTest -->
        <test-method is-config="true" signature="tearDown()[pri:0, instance:com.pomacademy.qa.testcases.MyAccountPageTest@612fc6eb]" started-at="2019-08-07T08:30:54Z" name="tearDown" finished-at="2019-08-07T08:30:55Z" duration-ms="998" status="PASS">
          <reporter-output>
          </reporter-output>
        </test-method> <!-- tearDown -->
      </class> <!-- com.pomacademy.qa.testcases.MyAccountPageTest -->
    </test> <!-- Command line test -->
  </suite> <!-- Command line suite -->
</testng-results>
