<?xml version="1.0" encoding="UTF-8"?>
<!-- Generated by org.testng.reporters.JUnitXMLReporter -->
<testsuite ignored="0" hostname="Senthil" failures="0" tests="2" name="POM Academy Regression Test Cases" time="23.236" errors="0" timestamp="06 Aug 2019 07:48:47 GMT">
  <testcase classname="com.pomacademy.qa.testcases.HomePageTest" name="HomePageTitleTest" time="1.381"/>
  <testcase classname="com.pomacademy.qa.testcases.MyAccountPageTest" name="MyAccountPageTitleTest" time="0.024"/>
</testsuite> <!-- POM Academy Regression Test Cases -->
